As of Date: 2023-09-20
Running configuration based on config file: 1
Current version: 1.0

 Solution to Question 1.1. 
Data acquisition solution: Download 
Data Location ./data/instrument/fixed_income_instruments_20230920.csv
Sample Instruments: 
        cusip                  issuer bond_type  ...  last_price  adtv  rating
0  01609WAJ1  ALIBABA GROUP HLDG LTD      CORP  ...   88.862567    35       A
1  037833BA7          Apple Inc AAPL      CORP  ...   77.689694    85      AA
2  931142CM3         Walmart Inc WMT      CORP  ...  138.650000     5      AA
3  912797HC4      U.S. Treasury 10Yr       UST  ...   96.335771   100     AAA
4  912797JA6       U.S. Treasury 5Yr       UST  ...   99.415514   125     AAA

[5 rows x 11 columns]

 Solution to Question 1.2.
Initiate yield curve table setup given fist time run, 
Database Solution is SQLite, 
SQLite Database location is ./data/quant_risk_database.db, 
Yield data are stored in table name: yield_curves

 Solution to Question 1.3.
Current Run Purpose is for: all
Yield data from ['2023-03-21', '2023-09-20'] are retrieved for 037833BA7 
            tenor  yield_to_maturity instrument
date                                          
2023-09-20  None             0.0521  037833BA7
2023-09-19  None             0.0521  037833BA7
2023-09-18  None             0.0510  037833BA7
2023-09-15  None             0.0512  037833BA7
2023-09-14  None             0.0511  037833BA7
...          ...                ...        ...
2023-03-27  None             0.0468  037833BA7
2023-03-24  None             0.0458  037833BA7
2023-03-23  None             0.0456  037833BA7
2023-03-22  None             0.0461  037833BA7
2023-03-21  None             0.0470  037833BA7

[131 rows x 3 columns]
Retrieved yield data is saved under ./output/retrieved_yield_data.csv

 Solution to Question 2.1.
Portfolio Snapshot with total initial fund of 1000000.0: 
        cusip                  issuer  weight     quantity  market_value
0  01609WAJ1  ALIBABA GROUP HLDG LTD     0.2  2250.666477      200000.0
1  037833BA7          Apple Inc AAPL     0.2  2574.344015      200000.0
2  931142CM3         Walmart Inc WMT     0.2  1442.481067      200000.0
3  912797HC4      U.S. Treasury 10Yr     0.2  2076.072025      200000.0
4  912797JA6       U.S. Treasury 5Yr     0.2  2011.758453      200000.0

 Solution to Question 2.2.
Summary report of portfolio yield 
        Portfolio Yield Summary Report:
        ------------------------
        Date Range: 2021-09-20 to 2023-09-20
        Highest Monthly Yield: 2.2981% on 2023-01-20
        Lowest Monthly Yield: -10.6831% on 2022-04-20
        Total Portfolio Value at the Start: $1,352,948.68
        Total Portfolio Value at the End: $1,000,004.98
        Portfolio Appreciation/Depreciation: -26.09%
        ------------------------
         

portfolio_daily_yield_report successfully saved to ./output/portfolio_daily_yield_report_20210920_to_20230920_config1.csv

 Enhancement to Q2 
 Sample Cashflow Report: 
    cashflow_date  cashflow_amount  corresponding_zero_rate
0     2023-11-28     10127.999145                 0.055673
1     2024-05-28     10127.999145                 0.054950
2     2024-11-28     10127.999145                 0.054029
3     2025-05-28     10127.999145                 0.052293
4     2025-11-28     10127.999145                 0.050625
5     2026-05-28     10127.999145                 0.049137
6     2026-11-28     10127.999145                 0.047912
7     2027-05-28     10127.999145                 0.047168
8     2027-11-28     10127.999145                 0.046412
9     2028-05-28     10127.999145                 0.045664
10    2028-11-28     10127.999145                 0.045142
11    2029-05-28     10127.999145                 0.044993
12    2029-11-28     10127.999145                 0.044842
13    2030-05-28     10127.999145                 0.044693
14    2030-11-28     10127.999145                 0.044529
15    2031-05-28     10127.999145                 0.044347
16    2031-11-28     10127.999145                 0.044162
17    2032-05-28     10127.999145                 0.043979
18    2032-11-28     10127.999145                 0.043794
19    2033-05-28     10127.999145                 0.043613
20    2033-11-28     10127.999145                 0.043543
21    2034-05-28     10127.999145                 0.043652
22    2034-11-28     10127.999145                 0.043763
23    2034-11-28    225066.647675                 0.043763
cashflow_report successfully saved to ./output/cashflow_report_20230920_config1.csv

 Solution to 4.1 
 Sample DV01 Report: 
    as_of_date      cusip  ...   convexity      cr01
0  2023-09-20  01609WAJ1  ...   86.025049 -0.002207
1  2023-09-20  037833BA7  ...  251.568520 -0.009594
2  2023-09-20  931142CM3  ...  132.564156 -0.007651
3  2023-09-20  912797HC4  ...   37.880536 -0.004289
4  2023-09-20  912797JA6  ...    5.904306 -0.002697

[5 rows x 11 columns]
Solution to 3.1 and 3.2
scenario_loss_pnl_vector successfully saved to ./output/scenario_loss_pnl_vector_report_20230920_config1.csv
High Level Risk Report 
       Risk Metric      Scenario Approach  ...           Model Parameter       pnl
0             var             historical  ...             var_type^1^95 -11058.80
1             var             historical  ...             var_type^1^99 -15675.39
2             var             historical  ...            var_type^10^95 -14748.37
3             var             historical  ...            var_type^10^99 -21939.22
4             var             historical  ...  expected_shortfall^10^99 -23966.47
5             var             historical  ...  expected_shortfall^10^95 -19006.21
6             var             historical  ...            var_type^10^95 -34860.82
7             var             historical  ...            var_type^10^99 -49905.31
8             var            monte_carlo  ...            var_type^10^95 -54492.33
9             var            monte_carlo  ...            var_type^10^99 -76211.83
0  stress_testing  financial_crisis_2008  ...                      None -66078.86
1  stress_testing        oil_crisis_1974  ...                      None -90594.30

[12 rows x 5 columns]
risk_summary_report successfully saved to ./output/risk_summary_report_20230920_config1.csv
