As of Date: 2023-09-20
Running configuration based on config file: 4
Current version: 1.0

 Solution to Question 1.1. 
Data acquisition solution: Download 
Data Location ./data/instrument/fixed_income_instruments_20230920.csv
Sample Instruments: 
        cusip                  issuer bond_type  face_value  ...  maturity_date  last_price adtv rating
0  01609WAJ1  ALIBABA GROUP HLDG LTD      CORP         100  ...     2034-11-28   88.862567   35      A
1  037833BA7          Apple Inc AAPL      CORP         100  ...     2045-02-09   77.689694   85     AA
2  931142CM3         Walmart Inc WMT      CORP         100  ...     2038-04-15  138.650000    5     AA
3  912797HC4      U.S. Treasury 10Yr       UST         100  ...     2033-08-15   96.335771  100    AAA
4  912797JA6       U.S. Treasury 5Yr       UST         100  ...     2028-08-31   99.415514  125    AAA

[5 rows x 11 columns]

 Solution to Question 1.2.
Initiate yield curve table setup given fist time run, 
Database Solution is SQLite, 
SQLite Database location is ./data/quant_risk_database.db, 
Yield data are stored in table name: yield_curves

 Solution to Question 1.3.
Current Run Purpose is for: all
Yield data from ['2023-03-21', '2023-09-20'] are retrieved for 037833BA7 
            tenor  yield_to_maturity instrument
date                                          
2023-09-20  None             0.0521  037833BA7
2023-09-19  None             0.0521  037833BA7
2023-09-18  None             0.0510  037833BA7
2023-09-15  None             0.0512  037833BA7
2023-09-14  None             0.0511  037833BA7
...          ...                ...        ...
2023-03-27  None             0.0468  037833BA7
2023-03-24  None             0.0458  037833BA7
2023-03-23  None             0.0456  037833BA7
2023-03-22  None             0.0461  037833BA7
2023-03-21  None             0.0470  037833BA7

[131 rows x 3 columns]
Retrieved yield data is saved under ./output/retrieved_yield_data.csv

 Solution to Question 2.1.
Portfolio Snapshot with total initial fund of 1000000.0: 
        cusip                  issuer    weight     quantity   market_value
0  01609WAJ1  ALIBABA GROUP HLDG LTD  0.191987  2160.491419  191986.812919
1  037833BA7          Apple Inc AAPL  0.090744  1168.035689   90744.335789
2  931142CM3         Walmart Inc WMT  0.351165  2532.740784  351164.509684
3  912797HC4      U.S. Treasury 10Yr  0.000153     1.593332     153.494867
4  912797JA6       U.S. Treasury 5Yr  0.365951  3681.023547  365950.846742

 Solution to Question 2.2.
Summary report of portfolio yield 
        Portfolio Yield Summary Report:
        ------------------------
        Date Range: 2021-09-20 to 2023-09-20
        Highest Monthly Yield: 1.8767% on 2023-01-20
        Lowest Monthly Yield: -9.8867% on 2022-04-20
        Total Portfolio Value at the Start: $1,315,595.30
        Total Portfolio Value at the End: $1,000,008.74
        Portfolio Appreciation/Depreciation: -23.99%
        ------------------------
         

portfolio_daily_yield_report successfully saved to ./output/portfolio_daily_yield_report_20210920_to_20230920_config4.csv

 Enhancement to Q2 
 Sample Cashflow Report: 
    cashflow_date  cashflow_amount  corresponding_zero_rate
0     2023-11-28      9722.211386                 0.055673
1     2024-05-28      9722.211386                 0.054950
2     2024-11-28      9722.211386                 0.054029
3     2025-05-28      9722.211386                 0.052293
4     2025-11-28      9722.211386                 0.050625
5     2026-05-28      9722.211386                 0.049137
6     2026-11-28      9722.211386                 0.047912
7     2027-05-28      9722.211386                 0.047168
8     2027-11-28      9722.211386                 0.046412
9     2028-05-28      9722.211386                 0.045664
10    2028-11-28      9722.211386                 0.045142
11    2029-05-28      9722.211386                 0.044993
12    2029-11-28      9722.211386                 0.044842
13    2030-05-28      9722.211386                 0.044693
14    2030-11-28      9722.211386                 0.044529
15    2031-05-28      9722.211386                 0.044347
16    2031-11-28      9722.211386                 0.044162
17    2032-05-28      9722.211386                 0.043979
18    2032-11-28      9722.211386                 0.043794
19    2033-05-28      9722.211386                 0.043613
20    2033-11-28      9722.211386                 0.043543
21    2034-05-28      9722.211386                 0.043652
22    2034-11-28      9722.211386                 0.043763
23    2034-11-28    216049.141907                 0.043763
cashflow_report successfully saved to ./output/cashflow_report_20230920_config4.csv

 Solution to 4.1 
 Sample DV01 Report: 
    as_of_date      cusip                  issuer  coupon_rate  ... modified_duration      dv01   convexity      cr01
0  2023-09-20  01609WAJ1  ALIBABA GROUP HLDG LTD      0.04500  ...          8.403362 -0.074674   86.025049 -0.006246
1  2023-09-20  037833BA7          Apple Inc AAPL      0.03450  ...         13.910097 -0.108067  251.568520 -0.005886
2  2023-09-20  931142CM3         Walmart Inc WMT      0.06200  ...         10.191416 -0.141304  132.564156 -0.001306
3  2023-09-20  912797HC4      U.S. Treasury 10Yr      0.03875  ...          7.829648 -0.075428   37.880536 -0.005903
4  2023-09-20  912797JA6       U.S. Treasury 5Yr      0.04375  ...          4.039237 -0.040156    5.904306 -0.000308

[5 rows x 11 columns]
Solution to 3.1 and 3.2
Running Risk Engine using Model Configuration as below 
Risk Metric: var 
Scenario generation approach: historical 
Valuation approach: full_revaluation 
Pricing model: ytm 
Loss calculation approach: var_type 
1-day var_type at 95 percentile 
Final Result = -9778.4 

Running Risk Engine using Model Configuration as below 
Risk Metric: var 
Scenario generation approach: historical 
Valuation approach: full_revaluation 
Pricing model: ytm 
Loss calculation approach: var_type 
1-day var_type at 99 percentile 
Final Result = -13739.86 

Running Risk Engine using Model Configuration as below 
Risk Metric: var 
Scenario generation approach: historical 
Valuation approach: full_revaluation 
Pricing model: ytm 
Loss calculation approach: var_type 
10-day var_type at 95 percentile 
Final Result = -12574.06 

Running Risk Engine using Model Configuration as below 
Risk Metric: var 
Scenario generation approach: historical 
Valuation approach: full_revaluation 
Pricing model: ytm 
Loss calculation approach: var_type 
10-day var_type at 99 percentile 
Final Result = -18821.33 

Running Risk Engine using Model Configuration as below 
Risk Metric: var 
Scenario generation approach: historical 
Valuation approach: full_revaluation 
Pricing model: ytm 
Loss calculation approach: expected_shortfall 
10-day expected_shortfall at 99 percentile 
Final Result = -20641.64 

Running Risk Engine using Model Configuration as below 
Risk Metric: var 
Scenario generation approach: historical 
Valuation approach: full_revaluation 
Pricing model: ytm 
Loss calculation approach: expected_shortfall 
10-day expected_shortfall at 95 percentile 
Final Result = -16567.7 

Running Risk Engine using Model Configuration as below 
Risk Metric: var 
Scenario generation approach: historical 
Valuation approach: sensitivity_approximation 
Pricing model: ytm 
Loss calculation approach: var_type 
10-day var_type at 95 percentile 
Final Result = -28719.71 

Running Risk Engine using Model Configuration as below 
Risk Metric: var 
Scenario generation approach: historical 
Valuation approach: sensitivity_approximation 
Pricing model: ytm 
Loss calculation approach: var_type 
10-day var_type at 99 percentile 
Final Result = -42374.51 

Running Risk Engine using Model Configuration as below 
Risk Metric: var 
Scenario generation approach: monte_carlo 
Valuation approach: sensitivity_approximation 
Pricing model: ytm 
Loss calculation approach: var_type 
10-day var_type at 95 percentile 
Final Result = -46106.25 

Running Risk Engine using Model Configuration as below 
Risk Metric: var 
Scenario generation approach: monte_carlo 
Valuation approach: sensitivity_approximation 
Pricing model: ytm 
Loss calculation approach: var_type 
10-day var_type at 99 percentile 
Final Result = -65504.14 

scenario_loss_pnl_vector successfully saved to ./output/scenario_loss_pnl_vector_report_20230920_config4.csv
High Level Risk Report 
       Risk Metric      Scenario Approach                Model Selection           Model Parameter        pnl
0             var             historical           full_revaluation^ytm             var_type^1^95   -9778.40
1             var             historical           full_revaluation^ytm             var_type^1^99  -13739.86
2             var             historical           full_revaluation^ytm            var_type^10^95  -12574.06
3             var             historical           full_revaluation^ytm            var_type^10^99  -18821.33
4             var             historical           full_revaluation^ytm  expected_shortfall^10^99  -20641.64
5             var             historical           full_revaluation^ytm  expected_shortfall^10^95  -16567.70
6             var             historical  sensitivity_approximation^ytm            var_type^10^95  -28719.71
7             var             historical  sensitivity_approximation^ytm            var_type^10^99  -42374.51
8             var            monte_carlo  sensitivity_approximation^ytm            var_type^10^95  -46106.25
9             var            monte_carlo  sensitivity_approximation^ytm            var_type^10^99  -65504.14
0  stress_testing  financial_crisis_2008    full_revaluation^zero_curve                      None -129107.14
1  stress_testing        oil_crisis_1974    full_revaluation^zero_curve                      None -149679.07
risk_summary_report successfully saved to ./output/risk_summary_report_20230920_config4.csv
portfolio_report successfully saved to ./output/portfolio_report_20230920_config4.csv
