As of Date: 2023-09-20
Running configuration based on config file: 10
Current version: 1.0

 Solution to Question 1.1. 
Data acquisition solution: Download 
Data Location ./data/instrument/fixed_income_instruments_20230920.csv
Sample Instruments: 
        cusip                  issuer bond_type  face_value  ...  maturity_date  last_price adtv rating
0  01609WAJ1  ALIBABA GROUP HLDG LTD      CORP         100  ...     2034-11-28   88.862567   35      A
1  037833BA7          Apple Inc AAPL      CORP         100  ...     2045-02-09   77.689694   85     AA
2  931142CM3         Walmart Inc WMT      CORP         100  ...     2038-04-15  138.650000    5     AA
3  912797HC4      U.S. Treasury 10Yr       UST         100  ...     2033-08-15   96.335771  100    AAA
4  912797JA6       U.S. Treasury 5Yr       UST         100  ...     2028-08-31   99.415514  125    AAA

[5 rows x 11 columns]

 Solution to Question 1.2.
Initiate yield curve table setup given fist time run, 
Database Solution is SQLite, 
SQLite Database location is ./data/quant_risk_database.db, 
Yield data are stored in table name: yield_curves

 Solution to Question 1.3.
Current Run Purpose is for: all
Yield data from ['2023-03-21', '2023-09-20'] are retrieved for 037833BA7 
            tenor  yield_to_maturity instrument
date                                          
2023-09-20  None             0.0521  037833BA7
2023-09-19  None             0.0521  037833BA7
2023-09-18  None             0.0510  037833BA7
2023-09-15  None             0.0512  037833BA7
2023-09-14  None             0.0511  037833BA7
...          ...                ...        ...
2023-03-27  None             0.0468  037833BA7
2023-03-24  None             0.0458  037833BA7
2023-03-23  None             0.0456  037833BA7
2023-03-22  None             0.0461  037833BA7
2023-03-21  None             0.0470  037833BA7

[131 rows x 3 columns]
Retrieved yield data is saved under ./output/retrieved_yield_data.csv

 Solution to Question 2.1.
Portfolio Snapshot with total initial fund of 1000000.0: 
        cusip                  issuer    weight     quantity   market_value
0  01609WAJ1  ALIBABA GROUP HLDG LTD  0.407432  4584.970163  407432.217121
1  037833BA7          Apple Inc AAPL  0.134883  1736.178738  134883.195708
2  931142CM3         Walmart Inc WMT  0.031060   224.016567   31059.897083
3  912797HC4      U.S. Treasury 10Yr  0.370687  3847.859998  370686.561215
4  912797JA6       U.S. Treasury 5Yr  0.055938   562.670018   55938.128873

 Solution to Question 2.2.
Summary report of portfolio yield 
        Portfolio Yield Summary Report:
        ------------------------
        Date Range: 2021-09-20 to 2023-09-20
        Highest Monthly Yield: 2.4216% on 2023-01-20
        Lowest Monthly Yield: -11.3207% on 2022-04-20
        Total Portfolio Value at the Start: $1,387,839.39
        Total Portfolio Value at the End: $1,000,000.77
        Portfolio Appreciation/Depreciation: -27.95%
        ------------------------
         

portfolio_daily_yield_report successfully saved to ./output/portfolio_daily_yield_report_20210920_to_20230920_config10.csv

 Enhancement to Q2 
 Sample Cashflow Report: 
    cashflow_date  cashflow_amount  corresponding_zero_rate
0     2023-11-28     20632.365734                 0.055673
1     2024-05-28     20632.365734                 0.054950
2     2024-11-28     20632.365734                 0.054029
3     2025-05-28     20632.365734                 0.052293
4     2025-11-28     20632.365734                 0.050625
5     2026-05-28     20632.365734                 0.049137
6     2026-11-28     20632.365734                 0.047912
7     2027-05-28     20632.365734                 0.047168
8     2027-11-28     20632.365734                 0.046412
9     2028-05-28     20632.365734                 0.045664
10    2028-11-28     20632.365734                 0.045142
11    2029-05-28     20632.365734                 0.044993
12    2029-11-28     20632.365734                 0.044842
13    2030-05-28     20632.365734                 0.044693
14    2030-11-28     20632.365734                 0.044529
15    2031-05-28     20632.365734                 0.044347
16    2031-11-28     20632.365734                 0.044162
17    2032-05-28     20632.365734                 0.043979
18    2032-11-28     20632.365734                 0.043794
19    2033-05-28     20632.365734                 0.043613
20    2033-11-28     20632.365734                 0.043543
21    2034-05-28     20632.365734                 0.043652
22    2034-11-28     20632.365734                 0.043763
23    2034-11-28    458497.016311                 0.043763
cashflow_report successfully saved to ./output/cashflow_report_20230920_config10.csv

 Solution to 4.1 
 Sample DV01 Report: 
    as_of_date      cusip                  issuer  coupon_rate  ... modified_duration      dv01   convexity      cr01
0  2023-09-20  01609WAJ1  ALIBABA GROUP HLDG LTD      0.04500  ...          8.403362 -0.074674   86.025049 -0.001777
1  2023-09-20  037833BA7          Apple Inc AAPL      0.03450  ...         13.910097 -0.108067  251.568520 -0.001981
2  2023-09-20  931142CM3         Walmart Inc WMT      0.06200  ...         10.191416 -0.141304  132.564156 -0.004924
3  2023-09-20  912797HC4      U.S. Treasury 10Yr      0.03875  ...          7.829648 -0.075428   37.880536 -0.007506
4  2023-09-20  912797JA6       U.S. Treasury 5Yr      0.04375  ...          4.039237 -0.040156    5.904306 -0.001907

[5 rows x 11 columns]
Solution to 3.1 and 3.2
Running Risk Engine using Model Configuration as below 
Risk Metric: var 
Scenario generation approach: historical 
Valuation approach: full_revaluation 
Pricing model: ytm 
Loss calculation approach: var_type 
1-day var_type at 95 percentile 
Final Result = -11385.07 

Running Risk Engine using Model Configuration as below 
Risk Metric: var 
Scenario generation approach: historical 
Valuation approach: full_revaluation 
Pricing model: ytm 
Loss calculation approach: var_type 
1-day var_type at 99 percentile 
Final Result = -16836.81 

Running Risk Engine using Model Configuration as below 
Risk Metric: var 
Scenario generation approach: historical 
Valuation approach: full_revaluation 
Pricing model: ytm 
Loss calculation approach: var_type 
10-day var_type at 95 percentile 
Final Result = -15831.91 

Running Risk Engine using Model Configuration as below 
Risk Metric: var 
Scenario generation approach: historical 
Valuation approach: full_revaluation 
Pricing model: ytm 
Loss calculation approach: var_type 
10-day var_type at 99 percentile 
Final Result = -21466.37 

Running Risk Engine using Model Configuration as below 
Risk Metric: var 
Scenario generation approach: historical 
Valuation approach: full_revaluation 
Pricing model: ytm 
Loss calculation approach: expected_shortfall 
10-day expected_shortfall at 99 percentile 
Final Result = -24207.78 

Running Risk Engine using Model Configuration as below 
Risk Metric: var 
Scenario generation approach: historical 
Valuation approach: full_revaluation 
Pricing model: ytm 
Loss calculation approach: expected_shortfall 
10-day expected_shortfall at 95 percentile 
Final Result = -19297.04 

Running Risk Engine using Model Configuration as below 
Risk Metric: var 
Scenario generation approach: historical 
Valuation approach: sensitivity_approximation 
Pricing model: ytm 
Loss calculation approach: var_type 
10-day var_type at 95 percentile 
Final Result = -36257.03 

Running Risk Engine using Model Configuration as below 
Risk Metric: var 
Scenario generation approach: historical 
Valuation approach: sensitivity_approximation 
Pricing model: ytm 
Loss calculation approach: var_type 
10-day var_type at 99 percentile 
Final Result = -51148.85 

Running Risk Engine using Model Configuration as below 
Risk Metric: var 
Scenario generation approach: monte_carlo 
Valuation approach: sensitivity_approximation 
Pricing model: ytm 
Loss calculation approach: var_type 
10-day var_type at 95 percentile 
Final Result = -58046.63 

Running Risk Engine using Model Configuration as below 
Risk Metric: var 
Scenario generation approach: monte_carlo 
Valuation approach: sensitivity_approximation 
Pricing model: ytm 
Loss calculation approach: var_type 
10-day var_type at 99 percentile 
Final Result = -81897.82 

scenario_loss_pnl_vector successfully saved to ./output/scenario_loss_pnl_vector_report_20230920_config10.csv
High Level Risk Report 
       Risk Metric      Scenario Approach                Model Selection           Model Parameter       pnl
0             var             historical           full_revaluation^ytm             var_type^1^95 -11385.07
1             var             historical           full_revaluation^ytm             var_type^1^99 -16836.81
2             var             historical           full_revaluation^ytm            var_type^10^95 -15831.91
3             var             historical           full_revaluation^ytm            var_type^10^99 -21466.37
4             var             historical           full_revaluation^ytm  expected_shortfall^10^99 -24207.78
5             var             historical           full_revaluation^ytm  expected_shortfall^10^95 -19297.04
6             var             historical  sensitivity_approximation^ytm            var_type^10^95 -36257.03
7             var             historical  sensitivity_approximation^ytm            var_type^10^99 -51148.85
8             var            monte_carlo  sensitivity_approximation^ytm            var_type^10^95 -58046.63
9             var            monte_carlo  sensitivity_approximation^ytm            var_type^10^99 -81897.82
0  stress_testing  financial_crisis_2008    full_revaluation^zero_curve                      None  31940.33
1  stress_testing        oil_crisis_1974    full_revaluation^zero_curve                      None   4767.06
risk_summary_report successfully saved to ./output/risk_summary_report_20230920_config10.csv
portfolio_report successfully saved to ./output/portfolio_report_20230920_config10.csv
