As of Date: 2023-09-20
Running configuration based on config file: 8
Current version: 1.0

 Solution to Question 1.1. 
Data acquisition solution: Download 
Data Location ./data/instrument/fixed_income_instruments_20230920.csv
Sample Instruments: 
        cusip                  issuer bond_type  face_value  ...  maturity_date  last_price adtv rating
0  01609WAJ1  ALIBABA GROUP HLDG LTD      CORP         100  ...     2034-11-28   88.862567   35      A
1  037833BA7          Apple Inc AAPL      CORP         100  ...     2045-02-09   77.689694   85     AA
2  931142CM3         Walmart Inc WMT      CORP         100  ...     2038-04-15  138.650000    5     AA
3  912797HC4      U.S. Treasury 10Yr       UST         100  ...     2033-08-15   96.335771  100    AAA
4  912797JA6       U.S. Treasury 5Yr       UST         100  ...     2028-08-31   99.415514  125    AAA

[5 rows x 11 columns]

 Solution to Question 1.2.
Initiate yield curve table setup given fist time run, 
Database Solution is SQLite, 
SQLite Database location is ./data/quant_risk_database.db, 
Yield data are stored in table name: yield_curves

 Solution to Question 1.3.
Current Run Purpose is for: all
Yield data from ['2023-03-21', '2023-09-20'] are retrieved for 037833BA7 
            tenor  yield_to_maturity instrument
date                                          
2023-09-20  None             0.0521  037833BA7
2023-09-19  None             0.0521  037833BA7
2023-09-18  None             0.0510  037833BA7
2023-09-15  None             0.0512  037833BA7
2023-09-14  None             0.0511  037833BA7
...          ...                ...        ...
2023-03-27  None             0.0468  037833BA7
2023-03-24  None             0.0458  037833BA7
2023-03-23  None             0.0456  037833BA7
2023-03-22  None             0.0461  037833BA7
2023-03-21  None             0.0470  037833BA7

[131 rows x 3 columns]
Retrieved yield data is saved under ./output/retrieved_yield_data.csv

 Solution to Question 2.1.
Portfolio Snapshot with total initial fund of 1000000.0: 
        cusip                  issuer    weight     quantity   market_value
0  01609WAJ1  ALIBABA GROUP HLDG LTD  0.272240  3063.605339  272239.833865
1  037833BA7          Apple Inc AAPL  0.258623  3328.920516  258622.817873
2  931142CM3         Walmart Inc WMT  0.107252   773.547882  107252.413908
3  912797HC4      U.S. Treasury 10Yr  0.259052  2689.054187  259052.109426
4  912797JA6       U.S. Treasury 5Yr  0.102833  1034.374024  102832.824929

 Solution to Question 2.2.
Summary report of portfolio yield 
        Portfolio Yield Summary Report:
        ------------------------
        Date Range: 2021-09-20 to 2023-09-20
        Highest Monthly Yield: 2.5822% on 2023-01-20
        Lowest Monthly Yield: -11.3282% on 2022-04-20
        Total Portfolio Value at the Start: $1,382,755.91
        Total Portfolio Value at the End: $1,000,002.67
        Portfolio Appreciation/Depreciation: -27.68%
        ------------------------
         

portfolio_daily_yield_report successfully saved to ./output/portfolio_daily_yield_report_20210920_to_20230920_config8.csv

 Enhancement to Q2 
 Sample Cashflow Report: 
    cashflow_date  cashflow_amount  corresponding_zero_rate
0     2023-11-28     13786.224024                 0.055673
1     2024-05-28     13786.224024                 0.054950
2     2024-11-28     13786.224024                 0.054029
3     2025-05-28     13786.224024                 0.052293
4     2025-11-28     13786.224024                 0.050625
5     2026-05-28     13786.224024                 0.049137
6     2026-11-28     13786.224024                 0.047912
7     2027-05-28     13786.224024                 0.047168
8     2027-11-28     13786.224024                 0.046412
9     2028-05-28     13786.224024                 0.045664
10    2028-11-28     13786.224024                 0.045142
11    2029-05-28     13786.224024                 0.044993
12    2029-11-28     13786.224024                 0.044842
13    2030-05-28     13786.224024                 0.044693
14    2030-11-28     13786.224024                 0.044529
15    2031-05-28     13786.224024                 0.044347
16    2031-11-28     13786.224024                 0.044162
17    2032-05-28     13786.224024                 0.043979
18    2032-11-28     13786.224024                 0.043794
19    2033-05-28     13786.224024                 0.043613
20    2033-11-28     13786.224024                 0.043543
21    2034-05-28     13786.224024                 0.043652
22    2034-11-28     13786.224024                 0.043763
23    2034-11-28    306360.533859                 0.043763
cashflow_report successfully saved to ./output/cashflow_report_20230920_config8.csv

 Solution to 4.1 
 Sample DV01 Report: 
    as_of_date      cusip                  issuer  coupon_rate  ... modified_duration      dv01   convexity      cr01
0  2023-09-20  01609WAJ1  ALIBABA GROUP HLDG LTD      0.04500  ...          8.403362 -0.074674   86.025049 -0.003603
1  2023-09-20  037833BA7          Apple Inc AAPL      0.03450  ...         13.910097 -0.108067  251.568520 -0.008224
2  2023-09-20  931142CM3         Walmart Inc WMT      0.06200  ...         10.191416 -0.141304  132.564156 -0.001108
3  2023-09-20  912797HC4      U.S. Treasury 10Yr      0.03875  ...          7.829648 -0.075428   37.880536 -0.003325
4  2023-09-20  912797JA6       U.S. Treasury 5Yr      0.04375  ...          4.039237 -0.040156    5.904306 -0.001932

[5 rows x 11 columns]
Solution to 3.1 and 3.2
Running Risk Engine using Model Configuration as below 
Risk Metric: var 
Scenario generation approach: historical 
Valuation approach: full_revaluation 
Pricing model: ytm 
Loss calculation approach: var_type 
1-day var_type at 95 percentile 
Final Result = -12279.33 

Running Risk Engine using Model Configuration as below 
Risk Metric: var 
Scenario generation approach: historical 
Valuation approach: full_revaluation 
Pricing model: ytm 
Loss calculation approach: var_type 
1-day var_type at 99 percentile 
Final Result = -17313.42 

Running Risk Engine using Model Configuration as below 
Risk Metric: var 
Scenario generation approach: historical 
Valuation approach: full_revaluation 
Pricing model: ytm 
Loss calculation approach: var_type 
10-day var_type at 95 percentile 
Final Result = -16277.8 

Running Risk Engine using Model Configuration as below 
Risk Metric: var 
Scenario generation approach: historical 
Valuation approach: full_revaluation 
Pricing model: ytm 
Loss calculation approach: var_type 
10-day var_type at 99 percentile 
Final Result = -23280.16 

Running Risk Engine using Model Configuration as below 
Risk Metric: var 
Scenario generation approach: historical 
Valuation approach: full_revaluation 
Pricing model: ytm 
Loss calculation approach: expected_shortfall 
10-day expected_shortfall at 99 percentile 
Final Result = -25806.6 

Running Risk Engine using Model Configuration as below 
Risk Metric: var 
Scenario generation approach: historical 
Valuation approach: full_revaluation 
Pricing model: ytm 
Loss calculation approach: expected_shortfall 
10-day expected_shortfall at 95 percentile 
Final Result = -20369.84 

Running Risk Engine using Model Configuration as below 
Risk Metric: var 
Scenario generation approach: historical 
Valuation approach: sensitivity_approximation 
Pricing model: ytm 
Loss calculation approach: var_type 
10-day var_type at 95 percentile 
Final Result = -37995.67 

Running Risk Engine using Model Configuration as below 
Risk Metric: var 
Scenario generation approach: historical 
Valuation approach: sensitivity_approximation 
Pricing model: ytm 
Loss calculation approach: var_type 
10-day var_type at 99 percentile 
Final Result = -55870.99 

Running Risk Engine using Model Configuration as below 
Risk Metric: var 
Scenario generation approach: monte_carlo 
Valuation approach: sensitivity_approximation 
Pricing model: ytm 
Loss calculation approach: var_type 
10-day var_type at 95 percentile 
Final Result = -58814.9 

Running Risk Engine using Model Configuration as below 
Risk Metric: var 
Scenario generation approach: monte_carlo 
Valuation approach: sensitivity_approximation 
Pricing model: ytm 
Loss calculation approach: var_type 
10-day var_type at 99 percentile 
Final Result = -84026.64 

scenario_loss_pnl_vector successfully saved to ./output/scenario_loss_pnl_vector_report_20230920_config8.csv
High Level Risk Report 
       Risk Metric      Scenario Approach                Model Selection           Model Parameter       pnl
0             var             historical           full_revaluation^ytm             var_type^1^95 -12279.33
1             var             historical           full_revaluation^ytm             var_type^1^99 -17313.42
2             var             historical           full_revaluation^ytm            var_type^10^95 -16277.80
3             var             historical           full_revaluation^ytm            var_type^10^99 -23280.16
4             var             historical           full_revaluation^ytm  expected_shortfall^10^99 -25806.60
5             var             historical           full_revaluation^ytm  expected_shortfall^10^95 -20369.84
6             var             historical  sensitivity_approximation^ytm            var_type^10^95 -37995.67
7             var             historical  sensitivity_approximation^ytm            var_type^10^99 -55870.99
8             var            monte_carlo  sensitivity_approximation^ytm            var_type^10^95 -58814.90
9             var            monte_carlo  sensitivity_approximation^ytm            var_type^10^99 -84026.64
0  stress_testing  financial_crisis_2008    full_revaluation^zero_curve                      None -15544.91
1  stress_testing        oil_crisis_1974    full_revaluation^zero_curve                      None -42676.16
risk_summary_report successfully saved to ./output/risk_summary_report_20230920_config8.csv
portfolio_report successfully saved to ./output/portfolio_report_20230920_config8.csv
